# JRE version: OpenJDK Runtime Environment Temurin-17.0.4.1+1 (17.0.4.1+1) (build 17.0.4.1+1)
# Java VM: OpenJDK 64-Bit Server VM Temurin-17.0.4.1+1 (17.0.4.1+1, mixed mode, emulated-client, tiered, compressed oops, compressed class ptrs, g1 gc, windows-amd64)
GC Precious Log:
 CPUs: 8 total, 8 available
 Memory: 8101M
 Large Page Support: Disabled
 NUMA Support: Disabled
 Compressed Oops: Enabled (32-bit)
 Heap Region Size: 1M
 Heap Min Capacity: 8M
 Heap Initial Capacity: 128M
 Heap Max Capacity: 2026M
 Pre-touch: Disabled
 Parallel Workers: 8
 Concurrent Workers: 2
 Concurrent Refinement Workers: 8
 Periodic GC: Disabled
Heap:
 garbage-first heap   total 260096K, used 109843K [0x0000000081600000, 0x0000000100000000)
  region size 1024K, 2 young (2048K), 2 survivors (2048K)
 Metaspace       used 90068K, committed 90560K, reserved 1130496K
  class space    used 12245K, committed 12480K, reserved 1048576K
GC Heap History (20 events):
Event: 12.349 GC heap after
{Heap after GC invocations=28 (full 0):
 garbage-first heap   total 116736K, used 59995K [0x0000000081600000, 0x0000000100000000)
  region size 1024K, 3 young (3072K), 3 survivors (3072K)
 Metaspace       used 81445K, committed 82048K, reserved 1122304K
  class space    used 11095K, committed 11392K, reserved 1048576K
}
Event: 12.369 GC heap before
{Heap before GC invocations=28 (full 0):
 garbage-first heap   total 116736K, used 61019K [0x0000000081600000, 0x0000000100000000)
  region size 1024K, 5 young (5120K), 3 survivors (3072K)
 Metaspace       used 81475K, committed 82048K, reserved 1122304K
  class space    used 11109K, committed 11392K, reserved 1048576K
}
Event: 12.371 GC heap after
{Heap after GC invocations=29 (full 0):
 garbage-first heap   total 140288K, used 59959K [0x0000000081600000, 0x0000000100000000)
  region size 1024K, 1 young (1024K), 1 survivors (1024K)
 Metaspace       used 81475K, committed 82048K, reserved 1122304K
  class space    used 11109K, committed 11392K, reserved 1048576K
}
Event: 13.025 GC heap before
{Heap before GC invocations=29 (full 0):
 garbage-first heap   total 140288K, used 95799K [0x0000000081600000, 0x0000000100000000)
  region size 1024K, 36 young (36864K), 1 survivors (1024K)
 Metaspace       used 84683K, committed 85248K, reserved 1130496K
  class space    used 11563K, committed 11840K, reserved 1048576K
}
Event: 13.028 GC heap after
{Heap after GC invocations=30 (full 0):
 garbage-first heap   total 140288K, used 61709K [0x0000000081600000, 0x0000000100000000)
  region size 1024K, 2 young (2048K), 2 survivors (2048K)
 Metaspace       used 84683K, committed 85248K, reserved 1130496K
  class space    used 11563K, committed 11840K, reserved 1048576K
}
Event: 152.774 GC heap before
{Heap before GC invocations=30 (full 0):
 garbage-first heap   total 140288K, used 86285K [0x0000000081600000, 0x0000000100000000)
  region size 1024K, 27 young (27648K), 2 survivors (2048K)
 Metaspace       used 87328K, committed 87936K, reserved 1130496K
  class space    used 11879K, committed 12160K, reserved 1048576K
}
Event: 152.778 GC heap after
{Heap after GC invocations=31 (full 0):
 garbage-first heap   total 140288K, used 62874K [0x0000000081600000, 0x0000000100000000)
  region size 1024K, 4 young (4096K), 4 survivors (4096K)
 Metaspace       used 87328K, committed 87936K, reserved 1130496K
  class space    used 11879K, committed 12160K, reserved 1048576K
}
Event: 152.875 GC heap before
{Heap before GC invocations=31 (full 0):
 garbage-first heap   total 140288K, used 97690K [0x0000000081600000, 0x0000000100000000)
  region size 1024K, 5 young (5120K), 4 survivors (4096K)
 Metaspace       used 87328K, committed 87936K, reserved 1130496K
  class space    used 11879K, committed 12160K, reserved 1048576K
}
Event: 152.879 GC heap after
{Heap after GC invocations=32 (full 0):
 garbage-first heap   total 140288K, used 97599K [0x0000000081600000, 0x0000000100000000)
  region size 1024K, 3 young (3072K), 3 survivors (3072K)
 Metaspace       used 87328K, committed 87936K, reserved 1130496K
  class space    used 11879K, committed 12160K, reserved 1048576K
}
Event: 153.657 GC heap before
{Heap before GC invocations=33 (full 0):
 garbage-first heap   total 227328K, used 147775K [0x0000000081600000, 0x0000000100000000)
  region size 1024K, 17 young (17408K), 3 survivors (3072K)
 Metaspace       used 89667K, committed 90176K, reserved 1130496K
  class space    used 12193K, committed 12416K, reserved 1048576K
}
Event: 153.667 GC heap after
{Heap after GC invocations=34 (full 0):
 garbage-first heap   total 227328K, used 100215K [0x0000000081600000, 0x0000000100000000)
  region size 1024K, 3 young (3072K), 3 survivors (3072K)
 Metaspace       used 89667K, committed 90176K, reserved 1130496K
  class space    used 12193K, committed 12416K, reserved 1048576K
}
Event: 153.788 GC heap before
{Heap before GC invocations=34 (full 0):
 garbage-first heap   total 227328K, used 108407K [0x0000000081600000, 0x0000000100000000)
  region size 1024K, 11 young (11264K), 3 survivors (3072K)
 Metaspace       used 89808K, committed 90240K, reserved 1130496K
  class space    used 12220K, committed 12416K, reserved 1048576K
}
Event: 153.800 GC heap after
{Heap after GC invocations=35 (full 0):
 garbage-first heap   total 227328K, used 100603K [0x0000000081600000, 0x0000000100000000)
  region size 1024K, 2 young (2048K), 2 survivors (2048K)
 Metaspace       used 89808K, committed 90240K, reserved 1130496K
  class space    used 12220K, committed 12416K, reserved 1048576K
}
Event: 154.180 GC heap before
{Heap before GC invocations=35 (full 0):
 garbage-first heap   total 227328K, used 176379K [0x0000000081600000, 0x0000000100000000)
  region size 1024K, 76 young (77824K), 2 survivors (2048K)
 Metaspace       used 90084K, committed 90560K, reserved 1130496K
  class space    used 12248K, committed 12480K, reserved 1048576K
}
Event: 154.210 GC heap after
{Heap after GC invocations=36 (full 0):
 garbage-first heap   total 227328K, used 117927K [0x0000000081600000, 0x0000000100000000)
  region size 1024K, 10 young (10240K), 10 survivors (10240K)
 Metaspace       used 90084K, committed 90560K, reserved 1130496K
  class space    used 12248K, committed 12480K, reserved 1048576K
}
Event: 154.343 GC heap before
{Heap before GC invocations=36 (full 0):
 garbage-first heap   total 227328K, used 177319K [0x0000000081600000, 0x0000000100000000)
  region size 1024K, 68 young (69632K), 10 survivors (10240K)
 Metaspace       used 90084K, committed 90560K, reserved 1130496K
  class space    used 12248K, committed 12480K, reserved 1048576K
}
Event: 154.361 GC heap after
{Heap after GC invocations=37 (full 0):
 garbage-first heap   total 227328K, used 120435K [0x0000000081600000, 0x0000000100000000)
  region size 1024K, 2 young (2048K), 2 survivors (2048K)
 Metaspace       used 90084K, committed 90560K, reserved 1130496K
  class space    used 12248K, committed 12480K, reserved 1048576K
}
Event: 154.535 GC heap before
{Heap before GC invocations=38 (full 0):
 garbage-first heap   total 260096K, used 177779K [0x0000000081600000, 0x0000000100000000)
  region size 1024K, 61 young (62464K), 2 survivors (2048K)
 Metaspace       used 90068K, committed 90560K, reserved 1130496K
  class space    used 12245K, committed 12480K, reserved 1048576K
}
Event: 154.539 GC heap after
{Heap after GC invocations=39 (full 0):
 garbage-first heap   total 260096K, used 117269K [0x0000000081600000, 0x0000000100000000)
  region size 1024K, 2 young (2048K), 2 survivors (2048K)
 Metaspace       used 90068K, committed 90560K, reserved 1130496K
  class space    used 12245K, committed 12480K, reserved 1048576K
}
Event: 154.554 GC heap before
{Heap before GC invocations=39 (full 0):
 garbage-first heap   total 260096K, used 127509K [0x0000000081600000, 0x0000000100000000)
  region size 1024K, 12 young (12288K), 2 survivors (2048K)
 Metaspace       used 90068K, committed 90560K, reserved 1130496K
  class space    used 12245K, committed 12480K, reserved 1048576K
}

