# JRE version: OpenJDK Runtime Environment Temurin-17.0.4.1+1 (17.0.4.1+1) (build 17.0.4.1+1)
# Java VM: OpenJDK 64-Bit Server VM Temurin-17.0.4.1+1 (17.0.4.1+1, mixed mode, emulated-client, tiered, compressed oops, compressed class ptrs, g1 gc, windows-amd64)
GC Precious Log:
 CPUs: 8 total, 8 available
 Memory: 8101M
 Large Page Support: Disabled
 NUMA Support: Disabled
 Compressed Oops: Enabled (32-bit)
 Heap Region Size: 1M
 Heap Min Capacity: 8M
 Heap Initial Capacity: 128M
 Heap Max Capacity: 2026M
 Pre-touch: Disabled
 Parallel Workers: 8
 Concurrent Workers: 2
 Concurrent Refinement Workers: 8
 Periodic GC: Disabled
Heap:
 garbage-first heap   total 65536K, used 25993K [0x0000000081600000, 0x0000000100000000)
  region size 1024K, 3 young (3072K), 3 survivors (3072K)
 Metaspace       used 64820K, committed 65216K, reserved 1105920K
  class space    used 8733K, committed 8960K, reserved 1048576K
GC Heap History (20 events):
Event: 4.397 GC heap after
{Heap after GC invocations=13 (full 0):
 garbage-first heap   total 65536K, used 18399K [0x0000000081600000, 0x0000000100000000)
  region size 1024K, 3 young (3072K), 3 survivors (3072K)
 Metaspace       used 42913K, committed 43328K, reserved 1089536K
  class space    used 5595K, committed 5824K, reserved 1048576K
}
Event: 4.947 GC heap before
{Heap before GC invocations=13 (full 0):
 garbage-first heap   total 65536K, used 49119K [0x0000000081600000, 0x0000000100000000)
  region size 1024K, 33 young (33792K), 3 survivors (3072K)
 Metaspace       used 50886K, committed 51200K, reserved 1097728K
  class space    used 6742K, committed 6912K, reserved 1048576K
}
Event: 4.951 GC heap after
{Heap after GC invocations=14 (full 0):
 garbage-first heap   total 65536K, used 20939K [0x0000000081600000, 0x0000000100000000)
  region size 1024K, 5 young (5120K), 5 survivors (5120K)
 Metaspace       used 50886K, committed 51200K, reserved 1097728K
  class space    used 6742K, committed 6912K, reserved 1048576K
}
Event: 5.397 GC heap before
{Heap before GC invocations=14 (full 0):
 garbage-first heap   total 65536K, used 49611K [0x0000000081600000, 0x0000000100000000)
  region size 1024K, 33 young (33792K), 5 survivors (5120K)
 Metaspace       used 55976K, committed 56320K, reserved 1097728K
  class space    used 7483K, committed 7616K, reserved 1048576K
}
Event: 5.406 GC heap after
{Heap after GC invocations=15 (full 0):
 garbage-first heap   total 65536K, used 22700K [0x0000000081600000, 0x0000000100000000)
  region size 1024K, 5 young (5120K), 5 survivors (5120K)
 Metaspace       used 55976K, committed 56320K, reserved 1097728K
  class space    used 7483K, committed 7616K, reserved 1048576K
}
Event: 6.100 GC heap before
{Heap before GC invocations=15 (full 0):
 garbage-first heap   total 65536K, used 49324K [0x0000000081600000, 0x0000000100000000)
  region size 1024K, 31 young (31744K), 5 survivors (5120K)
 Metaspace       used 58810K, committed 59264K, reserved 1105920K
  class space    used 7890K, committed 8128K, reserved 1048576K
}
Event: 6.108 GC heap after
{Heap after GC invocations=16 (full 0):
 garbage-first heap   total 65536K, used 24782K [0x0000000081600000, 0x0000000100000000)
  region size 1024K, 4 young (4096K), 4 survivors (4096K)
 Metaspace       used 58810K, committed 59264K, reserved 1105920K
  class space    used 7890K, committed 8128K, reserved 1048576K
}
Event: 6.447 GC heap before
{Heap before GC invocations=16 (full 0):
 garbage-first heap   total 65536K, used 35022K [0x0000000081600000, 0x0000000100000000)
  region size 1024K, 15 young (15360K), 4 survivors (4096K)
 Metaspace       used 60057K, committed 60480K, reserved 1105920K
  class space    used 8097K, committed 8320K, reserved 1048576K
}
Event: 6.455 GC heap after
{Heap after GC invocations=17 (full 0):
 garbage-first heap   total 65536K, used 26246K [0x0000000081600000, 0x0000000100000000)
  region size 1024K, 2 young (2048K), 2 survivors (2048K)
 Metaspace       used 60057K, committed 60480K, reserved 1105920K
  class space    used 8097K, committed 8320K, reserved 1048576K
}
Event: 187.792 GC heap before
{Heap before GC invocations=18 (full 0):
 garbage-first heap   total 65536K, used 49798K [0x0000000081600000, 0x0000000100000000)
  region size 1024K, 26 young (26624K), 2 survivors (2048K)
 Metaspace       used 64089K, committed 64512K, reserved 1105920K
  class space    used 8626K, committed 8832K, reserved 1048576K
}
Event: 187.799 GC heap after
{Heap after GC invocations=19 (full 0):
 garbage-first heap   total 65536K, used 27195K [0x0000000081600000, 0x0000000100000000)
  region size 1024K, 3 young (3072K), 3 survivors (3072K)
 Metaspace       used 64089K, committed 64512K, reserved 1105920K
  class space    used 8626K, committed 8832K, reserved 1048576K
}
Event: 322.884 GC heap before
{Heap before GC invocations=19 (full 0):
 garbage-first heap   total 65536K, used 33339K [0x0000000081600000, 0x0000000100000000)
  region size 1024K, 10 young (10240K), 3 survivors (3072K)
 Metaspace       used 64451K, committed 64896K, reserved 1105920K
  class space    used 8693K, committed 8960K, reserved 1048576K
}
Event: 322.955 GC heap after
{Heap after GC invocations=20 (full 1):
 garbage-first heap   total 65536K, used 19050K [0x0000000081600000, 0x0000000100000000)
  region size 1024K, 0 young (0K), 0 survivors (0K)
 Metaspace       used 64282K, committed 64896K, reserved 1105920K
  class space    used 8658K, committed 8960K, reserved 1048576K
}
Event: 324.762 GC heap before
{Heap before GC invocations=20 (full 1):
 garbage-first heap   total 65536K, used 48746K [0x0000000081600000, 0x0000000100000000)
  region size 1024K, 29 young (29696K), 0 survivors (0K)
 Metaspace       used 64346K, committed 64896K, reserved 1105920K
  class space    used 8667K, committed 8960K, reserved 1048576K
}
Event: 324.770 GC heap after
{Heap after GC invocations=21 (full 1):
 garbage-first heap   total 65536K, used 22192K [0x0000000081600000, 0x0000000100000000)
  region size 1024K, 4 young (4096K), 4 survivors (4096K)
 Metaspace       used 64346K, committed 64896K, reserved 1105920K
  class space    used 8667K, committed 8960K, reserved 1048576K
}
Event: 326.614 GC heap before
{Heap before GC invocations=21 (full 1):
 garbage-first heap   total 65536K, used 47792K [0x0000000081600000, 0x0000000100000000)
  region size 1024K, 29 young (29696K), 4 survivors (4096K)
 Metaspace       used 64581K, committed 65024K, reserved 1105920K
  class space    used 8709K, committed 8960K, reserved 1048576K
}
Event: 326.617 GC heap after
{Heap after GC invocations=22 (full 1):
 garbage-first heap   total 65536K, used 22137K [0x0000000081600000, 0x0000000100000000)
  region size 1024K, 2 young (2048K), 2 survivors (2048K)
 Metaspace       used 64581K, committed 65024K, reserved 1105920K
  class space    used 8709K, committed 8960K, reserved 1048576K
}
Event: 326.859 GC heap before
{Heap before GC invocations=22 (full 1):
 garbage-first heap   total 65536K, used 48761K [0x0000000081600000, 0x0000000100000000)
  region size 1024K, 28 young (28672K), 2 survivors (2048K)
 Metaspace       used 64764K, committed 65152K, reserved 1105920K
  class space    used 8728K, committed 8960K, reserved 1048576K
}
Event: 326.862 GC heap after
{Heap after GC invocations=23 (full 1):
 garbage-first heap   total 65536K, used 24160K [0x0000000081600000, 0x0000000100000000)
  region size 1024K, 4 young (4096K), 4 survivors (4096K)
 Metaspace       used 64764K, committed 65152K, reserved 1105920K
  class space    used 8728K, committed 8960K, reserved 1048576K
}
Event: 385.982 GC heap before
{Heap before GC invocations=23 (full 1):
 garbage-first heap   total 65536K, used 48736K [0x0000000081600000, 0x0000000100000000)
  region size 1024K, 28 young (28672K), 4 survivors (4096K)
 Metaspace       used 64820K, committed 65216K, reserved 1105920K
  class space    used 8733K, committed 8960K, reserved 1048576K
}

