# JRE version: OpenJDK Runtime Environment Temurin-17.0.4.1+1 (17.0.4.1+1) (build 17.0.4.1+1)
# Java VM: OpenJDK 64-Bit Server VM Temurin-17.0.4.1+1 (17.0.4.1+1, mixed mode, emulated-client, tiered, compressed oops, compressed class ptrs, g1 gc, windows-amd64)
GC Precious Log:
 CPUs: 8 total, 8 available
 Memory: 8101M
 Large Page Support: Disabled
 NUMA Support: Disabled
 Compressed Oops: Enabled (32-bit)
 Heap Region Size: 1M
 Heap Min Capacity: 8M
 Heap Initial Capacity: 128M
 Heap Max Capacity: 2026M
 Pre-touch: Disabled
 Parallel Workers: 8
 Concurrent Workers: 2
 Concurrent Refinement Workers: 8
 Periodic GC: Disabled
Heap:
 garbage-first heap   total 59392K, used 40720K [0x0000000081600000, 0x0000000100000000)
  region size 1024K, 19 young (19456K), 2 survivors (2048K)
 Metaspace       used 64144K, committed 64512K, reserved 1105920K
  class space    used 8647K, committed 8832K, reserved 1048576K
GC Heap History (20 events):
Event: 23.267 GC heap before
{Heap before GC invocations=14 (full 0):
 garbage-first heap   total 40960K, used 30809K [0x0000000081600000, 0x0000000100000000)
  region size 1024K, 14 young (14336K), 2 survivors (2048K)
 Metaspace       used 49332K, committed 49728K, reserved 1097728K
  class space    used 6411K, committed 6592K, reserved 1048576K
}
Event: 23.270 GC heap after
{Heap after GC invocations=15 (full 0):
 garbage-first heap   total 40960K, used 20852K [0x0000000081600000, 0x0000000100000000)
  region size 1024K, 2 young (2048K), 2 survivors (2048K)
 Metaspace       used 49332K, committed 49728K, reserved 1097728K
  class space    used 6411K, committed 6592K, reserved 1048576K
}
Event: 23.596 GC heap before
{Heap before GC invocations=15 (full 0):
 garbage-first heap   total 40960K, used 32116K [0x0000000081600000, 0x0000000100000000)
  region size 1024K, 13 young (13312K), 2 survivors (2048K)
 Metaspace       used 51607K, committed 51968K, reserved 1097728K
  class space    used 6875K, committed 7040K, reserved 1048576K
}
Event: 23.598 GC heap after
{Heap after GC invocations=16 (full 0):
 garbage-first heap   total 49152K, used 21431K [0x0000000081600000, 0x0000000100000000)
  region size 1024K, 1 young (1024K), 1 survivors (1024K)
 Metaspace       used 51607K, committed 51968K, reserved 1097728K
  class space    used 6875K, committed 7040K, reserved 1048576K
}
Event: 25.599 GC heap before
{Heap before GC invocations=17 (full 0):
 garbage-first heap   total 49152K, used 36791K [0x0000000081600000, 0x0000000100000000)
  region size 1024K, 17 young (17408K), 1 survivors (1024K)
 Metaspace       used 54804K, committed 55168K, reserved 1097728K
  class space    used 7323K, committed 7488K, reserved 1048576K
}
Event: 25.602 GC heap after
{Heap after GC invocations=18 (full 0):
 garbage-first heap   total 49152K, used 22452K [0x0000000081600000, 0x0000000100000000)
  region size 1024K, 2 young (2048K), 2 survivors (2048K)
 Metaspace       used 54804K, committed 55168K, reserved 1097728K
  class space    used 7323K, committed 7488K, reserved 1048576K
}
Event: 25.767 GC heap before
{Heap before GC invocations=18 (full 0):
 garbage-first heap   total 49152K, used 38836K [0x0000000081600000, 0x0000000100000000)
  region size 1024K, 18 young (18432K), 2 survivors (2048K)
 Metaspace       used 56205K, committed 56512K, reserved 1097728K
  class space    used 7556K, committed 7680K, reserved 1048576K
}
Event: 25.770 GC heap after
{Heap after GC invocations=19 (full 0):
 garbage-first heap   total 49152K, used 23312K [0x0000000081600000, 0x0000000100000000)
  region size 1024K, 2 young (2048K), 2 survivors (2048K)
 Metaspace       used 56205K, committed 56512K, reserved 1097728K
  class space    used 7556K, committed 7680K, reserved 1048576K
}
Event: 26.008 GC heap before
{Heap before GC invocations=19 (full 0):
 garbage-first heap   total 49152K, used 38672K [0x0000000081600000, 0x0000000100000000)
  region size 1024K, 17 young (17408K), 2 survivors (2048K)
 Metaspace       used 58245K, committed 58624K, reserved 1105920K
  class space    used 7850K, committed 8064K, reserved 1048576K
}
Event: 26.012 GC heap after
{Heap after GC invocations=20 (full 0):
 garbage-first heap   total 49152K, used 24900K [0x0000000081600000, 0x0000000100000000)
  region size 1024K, 3 young (3072K), 3 survivors (3072K)
 Metaspace       used 58245K, committed 58624K, reserved 1105920K
  class space    used 7850K, committed 8064K, reserved 1048576K
}
Event: 26.214 GC heap before
{Heap before GC invocations=21 (full 0):
 garbage-first heap   total 49152K, used 38212K [0x0000000081600000, 0x0000000100000000)
  region size 1024K, 16 young (16384K), 3 survivors (3072K)
 Metaspace       used 59749K, committed 60224K, reserved 1105920K
  class space    used 8093K, committed 8320K, reserved 1048576K
}
Event: 26.217 GC heap after
{Heap after GC invocations=22 (full 0):
 garbage-first heap   total 49152K, used 26296K [0x0000000081600000, 0x0000000100000000)
  region size 1024K, 2 young (2048K), 2 survivors (2048K)
 Metaspace       used 59749K, committed 60224K, reserved 1105920K
  class space    used 8093K, committed 8320K, reserved 1048576K
}
Event: 213.881 GC heap before
{Heap before GC invocations=22 (full 0):
 garbage-first heap   total 49152K, used 38584K [0x0000000081600000, 0x0000000100000000)
  region size 1024K, 14 young (14336K), 2 survivors (2048K)
 Metaspace       used 60459K, committed 60864K, reserved 1105920K
  class space    used 8194K, committed 8384K, reserved 1048576K
}
Event: 213.885 GC heap after
{Heap after GC invocations=23 (full 0):
 garbage-first heap   total 59392K, used 26762K [0x0000000081600000, 0x0000000100000000)
  region size 1024K, 1 young (1024K), 1 survivors (1024K)
 Metaspace       used 60459K, committed 60864K, reserved 1105920K
  class space    used 8194K, committed 8384K, reserved 1048576K
}
Event: 797.226 GC heap before
{Heap before GC invocations=24 (full 0):
 garbage-first heap   total 59392K, used 46218K [0x0000000081600000, 0x0000000100000000)
  region size 1024K, 20 young (20480K), 1 survivors (1024K)
 Metaspace       used 60338K, committed 60864K, reserved 1105920K
  class space    used 8168K, committed 8384K, reserved 1048576K
}
Event: 797.230 GC heap after
{Heap after GC invocations=25 (full 0):
 garbage-first heap   total 59392K, used 26608K [0x0000000081600000, 0x0000000100000000)
  region size 1024K, 1 young (1024K), 1 survivors (1024K)
 Metaspace       used 60338K, committed 60864K, reserved 1105920K
  class space    used 8168K, committed 8384K, reserved 1048576K
}
Event: 827.715 GC heap before
{Heap before GC invocations=25 (full 0):
 garbage-first heap   total 59392K, used 27632K [0x0000000081600000, 0x0000000100000000)
  region size 1024K, 2 young (2048K), 1 survivors (1024K)
 Metaspace       used 60338K, committed 60864K, reserved 1105920K
  class space    used 8168K, committed 8384K, reserved 1048576K
}
Event: 827.730 GC heap after
{Heap after GC invocations=26 (full 0):
 garbage-first heap   total 59392K, used 24681K [0x0000000081600000, 0x0000000100000000)
  region size 1024K, 1 young (1024K), 1 survivors (1024K)
 Metaspace       used 60338K, committed 60864K, reserved 1105920K
  class space    used 8168K, committed 8384K, reserved 1048576K
}
Event: 1326.109 GC heap before
{Heap before GC invocations=26 (full 0):
 garbage-first heap   total 59392K, used 46185K [0x0000000081600000, 0x0000000100000000)
  region size 1024K, 23 young (23552K), 1 survivors (1024K)
 Metaspace       used 61617K, committed 61952K, reserved 1105920K
  class space    used 8338K, committed 8512K, reserved 1048576K
}
Event: 1326.112 GC heap after
{Heap after GC invocations=27 (full 0):
 garbage-first heap   total 59392K, used 25360K [0x0000000081600000, 0x0000000100000000)
  region size 1024K, 2 young (2048K), 2 survivors (2048K)
 Metaspace       used 61617K, committed 61952K, reserved 1105920K
  class space    used 8338K, committed 8512K, reserved 1048576K
}

